--- Log opened Fri Mar 03 15:31:31 2017
15:31 -!- spannb0wser [spannb0wser@spannb0wser.tmi.twitch.tv] has joined #beyondthesummit
15:31 -!- Irssi: #beyondthesummit: Total of 1 nicks [0 ops, 0 halfops, 0 voices, 1 normal]
15:31 < pantherpewbs> juan is sweaty
15:31 < toobz> plupW carries
15:31 < snarfboarder> PEWPEWU AUTO INVITE LUL
15:31 < samiul_bhai> alex19BLUR alex19BLUR alex19BLUR alex19BLUR alex19BLUR
15:31 < diupingf> shut up tooooph
15:31 < tertl700> SHROOMED DOESNT DESERVE THIS
15:31 < ender_ayanami> GET FUCKED PEWFAT mangoBleh LUL
15:31 < stayfrosty7> GO WESTBALLZ
15:31 < s_raid> BLUR SHAMBLES LOL
15:31 < allyourbugsarebelongtome> LET'S GO PLUO
15:31 < interpretivedashdance> Yeah I did
15:31 < zerker4ever> HBOX DansGame
15:31 < supersmashshirts> !bracket
15:31 < fatcocksock> Kreygasm PLUPBALLZ Kreygasm
15:31 < phiytur> Kappa Kappa ADDERALL AND WEED ARE THE DRUGS THAT WE NEED Kappa
15:31 < xxx_trihard_xxx> HE SAID IT
15:31 < deerslayer37> i said it
15:31 < seginuss> 1
15:31 < death4less> chillinMyB chillinMyB chillinMyB
15:31 < bigxberg> REPLAY PogChamp ⏪
15:31 < gr0dus> LUL Pewpepu invited LUL
15:31 < brawski12> plupEZ
15:31 < novajefferson> RIP DAJUAN
15:31  * primzed PRESS Kreygasm FOR PLUPBALLZ PogChamp
15:31 < donhans> PogChamp
15:31 < techxviper> LUL I said it
15:31 < miked2203> i said it
15:31 < zappa__> 4Head Best 4Head Team 4Head In 4Head THe 4Head World 4Head
15:31 < adm52> LUL
15:31 < mrdebwante> Shroomed is good enough of double to get elimed in the first match, shouldve invited him
15:31 < un__> technology PogChamp
15:31 < duckplusnumbers> plupW plupEZ plupW plupEZ
15:31 < gwiffenashman> Juan is mexican
15:31 < themoon112> @RocketChris they still have losers to try to make it
15:31 < uncannyad> !bracket
15:31 < mecinimi> @themoon112 don't put her laptop in the fridge my guy
15:31 < huggly001> Kreygasm
15:31 < matthew_ossmann> I said it SwiftRage
15:31 < gob126> I said it
15:31 < 0beroth> NO, I SAID IT DansGame
15:31 < interpretivedashdance> THAT DAIR saved the set!!
15:31 < phucketol> That bag mangoUSA
15:31 < belgaux> i said that :)
15:31 < crimzontiger> LUL
15:31 -!- spannb0wser [spannb0wser@spannb0wser.tmi.twitch.tv] has left #beyondthesummit []
--- Log closed Fri Mar 03 15:31:48 2017
--- Log opened Fri Mar 03 15:55:40 2017
15:55 -!- spannb0wser [spannb0wser@spannb0wser.tmi.twitch.tv] has joined #beyondthesummit
15:55 -!- Irssi: #beyondthesummit: Total of 1 nicks [0 ops, 0 halfops, 0 voices, 1 normal]
15:55 < rookie006> !bracket
15:55 < cflickster> double down tilt wow
15:55 < kgpit> VoteYea
15:55 < thegravytrainttk> that Marth dsmash was sick
15:55 < jewfro26> Wes best na
15:55 < mstrcpr7> Keeping it evenish
15:55 < eygrr> SHUT UP
15:55 < gob126> the commentating totally missed wes at the second half of that set
15:55 < magicsixball> wow 85
15:55 < stuggydabs> WESTBALLS IS THE RED OF MELEE
15:55 < rman88> the dsmash Krey
15:55 < dhirly> vish pls
15:55 < ioptimusgrimes> looool
15:55 < tacticalsanta> haHAA
15:55 < eudiabolus> @vaxica a dog
15:55 < guhnasher> danCringe
15:55 < chrisp722> IN FIRE
15:55 < doomdest> haHAA
15:55 < jakealiciouss> you fox drill to tipper d smsah
15:55 < smashatist500> yea
15:55 < xxx_trihard_xxx> haHAA
15:55 < faithfulforce> LOL misses up smash on still target EleGiggle
15:55 < valhalla35> is this an actual match? the commentators aren't talking about it so I'm not sure
15:55 < eygrr> THATS NOT A FUNNY REFRENCE VISH
15:55 < viking024> !bracket
15:55 < sneevik> haHAA
15:55 < iwatchgames2> FrankerZ
15:55 < stuggydabs> IN FIRE
15:55 < dabbinresin> LUL
15:55 < ppuw> ppuW
15:55 < crab_cakes> boooooooo
15:55 < tacticalsanta> haHAA haHAA
15:55 < therealjdawgz> niceme.me
15:55 < saruninja> vish NO
15:55 < traps_arent_frickin_gay> ░░░░░░░░░░░░░░░░░░░░░░▓▓▀▀██████▓▄▒▒░░░░░░▀░░░░░░▀▀▀████▄▒░░░░░▌░░░░░░░░░░░▀███▓▒░░ ░▌░░░░░▄▄▄░░░░░░▐█▓▒░░░░▄▓▀█▌░▀██▀▒▄░░░▐▓▓▓▒░ ░█▌░░░░░▀▒░░░▀░░░▐▓▒▒░░ ░▌▀▒▄▄░░░░░░░░░░░░░▄▒░░ ░▒▄█████▌▒▒░░░░░░░▒▌▒░ ░░▓█████▄▒░▒▒▒░░░░░▐░░░▒▀▓▒░░░░░░░▒▒░▒▒▒▄░░░▓▒▒▒░░░░░░▒▒▒▒▒░▓░░░░████▄▄▄▄▓▓▓▒▒░░▐░░░░░▀██████▓▒▒▒▒▒░▐░1g2q3w4yu53e
15:55 < minimum_use> PETITION TO REMOVE VISH FROM COMMENTARY
15:55 < emmdash> haHAA
15:55 < knightnite> FailFish
15:55 < hand_farts> i think to be more specific, wes played the support role a lot better
15:55 < glockodile> haHAA
15:55 < pizza_rollz> haHAA
15:55 < smugs_> haHAA
15:55 < eygrr> haHAA
15:55 < farmahorro> MingLee POOR LEE MingLee
15:55 < midnightvi> who said that? vish?
15:55 < biblicalviolence> haHAA
15:55 < yungsaef> vish WutFace
15:55 < pint0a> CurseLit
15:55 < explodingpigeonlive> NotLikeThis
15:55 < maxed_down> haHAA
15:55 < lzomega> haHAA
15:55 < scottlalor> in fiya
15:55 < sodaintehwatercup> WHERES FAUSTER?!
15:55 < sh2y> haHAA
15:55 < sand_cat> haHAA
15:55 < ncg727> LUL
15:55 < xnutterbutter> what
15:55 < hippityhoppitusright> MEME
15:55 < veedoubleyou> haHAA vish why
15:55 < chetmagongalo> cmon vish
15:55 < apnunuke> haHAA
15:55 < kingpengu1n> @blizz_ssb, he might end up in a hospital
15:55 < asaajqb> haHAA
15:55 < steezybby> FailFish
15:55 < natso2001> Hugs is legit a terrible doubles player
15:55 < blizz_ssb> wow nic meme vish
15:55 < eygrr> IN FIRE haHAA
15:55 < falcobuster> haHAA
15:55 < fro116> HaHAA
15:55 < eddiecai64> haHAA
15:55 < magisterdrako> cringeeee
15:55 < stupid_yoshii> haHAA
15:55 < xtreqzz> cringe
15:55 < minimum_use> VISH SUCKS
15:55 < zhawntiger> haHAA
15:55 < fiveman1> haHAA
15:55 < zero23___> haHAA
15:55 < slimt3a> FailFish
15:55 < cobakid> thx vish
15:55 < snrgreen> Fauster
15:55 < yungsaef> haHAA
15:55 < tonelund> NICE SHOT SFAT
15:55 < uutch> haHAA
15:55 < worldsbestdad69> booooo
15:55 < ranger_mike> CurseLit
15:55 < drdroidz> GET OUT haHAA
15:55 < sr71xx> WutFace
15:55 < pikajude> haHAA
15:55 < aspookyghost26> haHAA
15:55 < tommehbear> danCringe danCringe danCringe danCringe
15:55 < xrubbermaid> BOOT HIM OFF THE COUCH
15:55 < blade12337> haHAA
15:55 < iconicivan> shutup vish
15:55 < bustercall3r> haHAA
15:55 < spudssbm> IN FIYUR
15:56 < grovanig> haHAA
15:56 < spacemanstream> lets not do that per se
15:56 < un__> this match tho ResidentSleeper
15:56 < crimzontiger> haHAA
15:56 < iceshotbod> haHAA
15:56 < jaetee08> !bracket
15:56 < acidrapper> wtf
15:56 < mcmegamoo> Vish FailFish WutFace
15:56 < steezybby> haHAA
15:56 < gonzothegreater> booo vish
15:56 < imoutololikahn> haHAA
15:56 < thatonezipfellow> haHAA
15:56 < jayaotic> vish pls
15:56 < cloudd_strife> tyler1HA
15:56 < pappagris> !Barekt
15:56 < extromix> haHAA
15:56 < abyssssb> lol
15:56 < tobesmelee> haHhaa
15:56 < acady> haHAA
15:56 < markvanwylder> NANA
15:56 < bruhnahhh> VISH FailFish
15:56 < xaviermanning> haHAA
15:56 < armouredgoose> oh vish
15:56 < mantis__toboggan__> EleGiggle
15:56 < astroproto> !bracket
15:56 < lij51> lul
15:56 < patternsgc> fausterW
15:56 < itsdanmayme> yea
15:56 < nicemaker> ugsArmadaPopOff ugsArmadaPopOff ugsArmadaPopOff
15:56 < smashatist500> NotLikeThis
15:56 < karmaosrs> Kappa
15:56 < bluebird20yy> In dire
15:56 < acidrapper> HE MAKES ME HATE MELEE
15:56 < the_indigogo> oh damn lol
15:56 < choknater> westballz is in fire right now
15:56 < lakanusmf2> aaaaaaahhhhhhhh
15:56 < d3licios0> WHISPER ME THAT MEME EXPLANATION
15:56 < dabbinresin> IM 12 DAE LE CRINGE AT EVERYTHING?!
15:56 < saruninja> haHaa
15:56 < gurrenmegas> !bracket
15:56 < explodingpigeonlive> haHAA
15:56 < dertnasty> FAUSTER FOR SUMMIT 5
15:56 < universallobsterclaw34> don't haha me in the chat bro
15:56 < skylarkian> stOP THIS
15:56 < e_hubbard> \/ /\ P E
15:56 < jakealiciouss> LUL
15:56 < biblicalwhale> haHAA
15:56 < shimabot> i love you sivpo
15:56 < jturley> how long have we been live, per se?
15:56 < pratkvarnenn> haHaaa
15:56 < shrubdog> haHAA im 12 btw
15:56 < thechaosechos> tyler1HA tyler1HA tyler1HA tyler1HA tyler1HA tyler1HA
15:56 < panflakez> haHAA
15:56 < mannybeers> Team wave dash to down smash
15:56 < blizz_ssb> Kick Vish off the couch
15:56 < 1337mootier> LE CRINGE haHAA
15:56 < still_not_gonna_kill_you> Honesty haaaaate vish commentary
15:56 < iconicivan> vish ResidentSleeper
15:56 -!- spannb0wser [spannb0wser@spannb0wser.tmi.twitch.tv] has left #beyondthesummit []
--- Log closed Fri Mar 03 15:56:20 2017
